<?xml version="1.0" encoding="UTF-8"?>
<!-- Generated by org.testng.reporters.JUnitReportReporter -->
<testsuite hostname="LAPTOP-NFDA3MBQ" failures="0" tests="1" name="testCases.TC1_AccountRegistrationTest" time="9.403" errors="0" timestamp="2024-07-25T17:17:23 GMT+08:00" skipped="0">
  <testcase classname="testCases.TC1_AccountRegistrationTest" name="verify_acct_registration" time="9.403"/>
</testsuite> <!-- testCases.TC1_AccountRegistrationTest -->
