<?xml version="1.0" encoding="UTF-8"?>
<!-- Generated by org.testng.reporters.JUnitReportReporter -->
<testsuite hostname="LAPTOP-NFDA3MBQ" failures="0" tests="1" name="testCases.TC2_LoginTest" time="2.839" errors="0" timestamp="2024-07-25T17:17:23 GMT+08:00" skipped="0">
  <testcase classname="testCases.TC2_LoginTest" name="login" time="2.839"/>
</testsuite> <!-- testCases.TC2_LoginTest -->
